{"C:\\Users\\shiva\\OneDrive\\Desktop\\Namaste-React\\src\\Components\\Body.js": {"path":"C:\\Users\\shiva\\OneDrive\\Desktop\\Namaste-React\\src\\Components\\Body.js","statementMap":{"0":{"start":{"line":9,"column":13},"end":{"line":118,"column":1}},"1":{"start":{"line":10,"column":50},"end":{"line":10,"column":62}},"2":{"start":{"line":11,"column":38},"end":{"line":11,"column":50}},"3":{"start":{"line":12,"column":50},"end":{"line":12,"column":62}},"4":{"start":{"line":14,"column":40},"end":{"line":14,"column":63}},"5":{"start":{"line":16,"column":35},"end":{"line":16,"column":69}},"6":{"start":{"line":18,"column":22},"end":{"line":27,"column":3}},"7":{"start":{"line":19,"column":25},"end":{"line":21,"column":5}},"8":{"start":{"line":20,"column":15},"end":{"line":20,"column":39}},"9":{"start":{"line":25,"column":4},"end":{"line":25,"column":38}},"10":{"start":{"line":29,"column":2},"end":{"line":31,"column":9}},"11":{"start":{"line":30,"column":4},"end":{"line":30,"column":16}},"12":{"start":{"line":33,"column":20},"end":{"line":44,"column":3}},"13":{"start":{"line":34,"column":17},"end":{"line":34,"column":44}},"14":{"start":{"line":35,"column":17},"end":{"line":35,"column":34}},"15":{"start":{"line":38,"column":4},"end":{"line":40,"column":6}},"16":{"start":{"line":41,"column":4},"end":{"line":43,"column":6}},"17":{"start":{"line":46,"column":23},"end":{"line":46,"column":40}},"18":{"start":{"line":47,"column":2},"end":{"line":50,"column":6}},"19":{"start":{"line":48,"column":4},"end":{"line":50,"column":6}},"20":{"start":{"line":52,"column":2},"end":{"line":117,"column":4}},"21":{"start":{"line":64,"column":29},"end":{"line":64,"column":58}},"22":{"start":{"line":69,"column":41},"end":{"line":71,"column":15}},"23":{"start":{"line":70,"column":16},"end":{"line":70,"column":78}},"24":{"start":{"line":73,"column":14},"end":{"line":73,"column":54}},"25":{"start":{"line":81,"column":25},"end":{"line":81,"column":38}},"26":{"start":{"line":98,"column":27},"end":{"line":98,"column":54}},"27":{"start":{"line":104,"column":10},"end":{"line":113,"column":17}}},"fnMap":{"0":{"name":"(anonymous_0)","decl":{"start":{"line":9,"column":13},"end":{"line":9,"column":14}},"loc":{"start":{"line":9,"column":19},"end":{"line":118,"column":1}},"line":9},"1":{"name":"(anonymous_1)","decl":{"start":{"line":18,"column":22},"end":{"line":18,"column":23}},"loc":{"start":{"line":18,"column":28},"end":{"line":27,"column":3}},"line":18},"2":{"name":"(anonymous_2)","decl":{"start":{"line":20,"column":6},"end":{"line":20,"column":7}},"loc":{"start":{"line":20,"column":15},"end":{"line":20,"column":39}},"line":20},"3":{"name":"(anonymous_3)","decl":{"start":{"line":29,"column":12},"end":{"line":29,"column":13}},"loc":{"start":{"line":29,"column":18},"end":{"line":31,"column":3}},"line":29},"4":{"name":"(anonymous_4)","decl":{"start":{"line":33,"column":20},"end":{"line":33,"column":21}},"loc":{"start":{"line":33,"column":32},"end":{"line":44,"column":3}},"line":33},"5":{"name":"(anonymous_5)","decl":{"start":{"line":64,"column":22},"end":{"line":64,"column":23}},"loc":{"start":{"line":64,"column":29},"end":{"line":64,"column":58}},"line":64},"6":{"name":"(anonymous_6)","decl":{"start":{"line":68,"column":21},"end":{"line":68,"column":22}},"loc":{"start":{"line":68,"column":27},"end":{"line":74,"column":13}},"line":68},"7":{"name":"(anonymous_7)","decl":{"start":{"line":69,"column":65},"end":{"line":69,"column":66}},"loc":{"start":{"line":70,"column":16},"end":{"line":70,"column":78}},"line":70},"8":{"name":"(anonymous_8)","decl":{"start":{"line":81,"column":19},"end":{"line":81,"column":20}},"loc":{"start":{"line":81,"column":25},"end":{"line":81,"column":38}},"line":81},"9":{"name":"(anonymous_9)","decl":{"start":{"line":98,"column":20},"end":{"line":98,"column":21}},"loc":{"start":{"line":98,"column":27},"end":{"line":98,"column":54}},"line":98},"10":{"name":"(anonymous_10)","decl":{"start":{"line":103,"column":30},"end":{"line":103,"column":31}},"loc":{"start":{"line":104,"column":10},"end":{"line":113,"column":17}},"line":104}},"branchMap":{"0":{"loc":{"start":{"line":47,"column":2},"end":{"line":50,"column":6}},"type":"if","locations":[{"start":{"line":47,"column":2},"end":{"line":50,"column":6}},{"start":{},"end":{}}],"line":47},"1":{"loc":{"start":{"line":52,"column":9},"end":{"line":117,"column":3}},"type":"cond-expr","locations":[{"start":{"line":53,"column":4},"end":{"line":53,"column":15}},{"start":{"line":55,"column":4},"end":{"line":116,"column":10}}],"line":52},"2":{"loc":{"start":{"line":108,"column":13},"end":{"line":112,"column":13}},"type":"cond-expr","locations":[{"start":{"line":109,"column":14},"end":{"line":109,"column":63}},{"start":{"line":111,"column":14},"end":{"line":111,"column":52}}],"line":108}},"s":{"0":1,"1":7,"2":7,"3":7,"4":7,"5":7,"6":7,"7":1,"8":8,"9":1,"10":7,"11":2,"12":7,"13":2,"14":2,"15":2,"16":2,"17":7,"18":7,"19":0,"20":7,"21":1,"22":1,"23":8,"24":1,"25":1,"26":0,"27":26},"f":{"0":7,"1":1,"2":8,"3":2,"4":2,"5":1,"6":1,"7":8,"8":1,"9":0,"10":26},"b":{"0":[0,7],"1":[2,5],"2":[19,7]},"_coverageSchema":"1a1c01bbd47fc00a2c39e90264f33305004495a9","hash":"90b7127c6bd96b998c42836d1275ebf692bc92c7"}
,"C:\\Users\\shiva\\OneDrive\\Desktop\\Namaste-React\\src\\Components\\Cart.js": {"path":"C:\\Users\\shiva\\OneDrive\\Desktop\\Namaste-React\\src\\Components\\Cart.js","statementMap":{"0":{"start":{"line":5,"column":13},"end":{"line":30,"column":1}},"1":{"start":{"line":6,"column":19},"end":{"line":6,"column":59}},"2":{"start":{"line":6,"column":42},"end":{"line":6,"column":58}},"3":{"start":{"line":7,"column":19},"end":{"line":7,"column":32}},"4":{"start":{"line":9,"column":26},"end":{"line":11,"column":3}},"5":{"start":{"line":10,"column":4},"end":{"line":10,"column":26}},"6":{"start":{"line":13,"column":2},"end":{"line":29,"column":4}}},"fnMap":{"0":{"name":"(anonymous_0)","decl":{"start":{"line":5,"column":13},"end":{"line":5,"column":14}},"loc":{"start":{"line":5,"column":19},"end":{"line":30,"column":1}},"line":5},"1":{"name":"(anonymous_1)","decl":{"start":{"line":6,"column":31},"end":{"line":6,"column":32}},"loc":{"start":{"line":6,"column":42},"end":{"line":6,"column":58}},"line":6},"2":{"name":"(anonymous_2)","decl":{"start":{"line":9,"column":26},"end":{"line":9,"column":27}},"loc":{"start":{"line":9,"column":32},"end":{"line":11,"column":3}},"line":9}},"branchMap":{"0":{"loc":{"start":{"line":22,"column":7},"end":{"line":24,"column":7}},"type":"binary-expr","locations":[{"start":{"line":22,"column":7},"end":{"line":22,"column":28}},{"start":{"line":23,"column":8},"end":{"line":23,"column":59}}],"line":22}},"s":{"0":1,"1":3,"2":6,"3":3,"4":3,"5":1,"6":3},"f":{"0":3,"1":6,"2":1},"b":{"0":[3,2]},"_coverageSchema":"1a1c01bbd47fc00a2c39e90264f33305004495a9","hash":"356fce7faebe7ecde28eee61265217c0f541b6e1"}
,"C:\\Users\\shiva\\OneDrive\\Desktop\\Namaste-React\\src\\Components\\Contact.js": {"path":"C:\\Users\\shiva\\OneDrive\\Desktop\\Namaste-React\\src\\Components\\Contact.js","statementMap":{"0":{"start":{"line":1,"column":16},"end":{"line":22,"column":1}},"1":{"start":{"line":2,"column":2},"end":{"line":21,"column":4}}},"fnMap":{"0":{"name":"(anonymous_0)","decl":{"start":{"line":1,"column":16},"end":{"line":1,"column":17}},"loc":{"start":{"line":1,"column":22},"end":{"line":22,"column":1}},"line":1}},"branchMap":{},"s":{"0":1,"1":4},"f":{"0":4},"b":{},"_coverageSchema":"1a1c01bbd47fc00a2c39e90264f33305004495a9","hash":"8e2d1a9f5cc149e62088691b5a118374cf790a15"}
,"C:\\Users\\shiva\\OneDrive\\Desktop\\Namaste-React\\src\\Components\\Header.js": {"path":"C:\\Users\\shiva\\OneDrive\\Desktop\\Namaste-React\\src\\Components\\Header.js","statementMap":{"0":{"start":{"line":8,"column":15},"end":{"line":61,"column":1}},"1":{"start":{"line":9,"column":32},"end":{"line":9,"column":46}},"2":{"start":{"line":10,"column":19},"end":{"line":10,"column":36}},"3":{"start":{"line":12,"column":15},"end":{"line":12,"column":38}},"4":{"start":{"line":16,"column":20},"end":{"line":16,"column":60}},"5":{"start":{"line":16,"column":43},"end":{"line":16,"column":59}},"6":{"start":{"line":18,"column":2},"end":{"line":18,"column":33}},"7":{"start":{"line":20,"column":2},"end":{"line":60,"column":4}},"8":{"start":{"line":48,"column":16},"end":{"line":48,"column":37}}},"fnMap":{"0":{"name":"(anonymous_0)","decl":{"start":{"line":8,"column":15},"end":{"line":8,"column":16}},"loc":{"start":{"line":8,"column":21},"end":{"line":61,"column":1}},"line":8},"1":{"name":"(anonymous_1)","decl":{"start":{"line":16,"column":32},"end":{"line":16,"column":33}},"loc":{"start":{"line":16,"column":43},"end":{"line":16,"column":59}},"line":16},"2":{"name":"(anonymous_2)","decl":{"start":{"line":18,"column":12},"end":{"line":18,"column":13}},"loc":{"start":{"line":18,"column":18},"end":{"line":18,"column":20}},"line":18},"3":{"name":"(anonymous_3)","decl":{"start":{"line":47,"column":23},"end":{"line":47,"column":24}},"loc":{"start":{"line":47,"column":29},"end":{"line":49,"column":15}},"line":47}},"branchMap":{"0":{"loc":{"start":{"line":27,"column":47},"end":{"line":27,"column":68}},"type":"cond-expr","locations":[{"start":{"line":27,"column":58},"end":{"line":27,"column":62}},{"start":{"line":27,"column":65},"end":{"line":27,"column":68}}],"line":27},"1":{"loc":{"start":{"line":51,"column":15},"end":{"line":51,"column":43}},"type":"cond-expr","locations":[{"start":{"line":51,"column":25},"end":{"line":51,"column":32}},{"start":{"line":51,"column":35},"end":{"line":51,"column":43}}],"line":51}},"s":{"0":2,"1":7,"2":7,"3":7,"4":7,"5":13,"6":7,"7":7,"8":1},"f":{"0":7,"1":13,"2":5,"3":1},"b":{"0":[7,0],"1":[6,1]},"_coverageSchema":"1a1c01bbd47fc00a2c39e90264f33305004495a9","hash":"1cebba8a885edac915264b123c3d761fab6d6f1a"}
,"C:\\Users\\shiva\\OneDrive\\Desktop\\Namaste-React\\src\\Components\\ItemList.js": {"path":"C:\\Users\\shiva\\OneDrive\\Desktop\\Namaste-React\\src\\Components\\ItemList.js","statementMap":{"0":{"start":{"line":6,"column":17},"end":{"line":52,"column":1}},"1":{"start":{"line":7,"column":19},"end":{"line":7,"column":32}},"2":{"start":{"line":9,"column":24},"end":{"line":11,"column":3}},"3":{"start":{"line":10,"column":4},"end":{"line":10,"column":28}},"4":{"start":{"line":13,"column":2},"end":{"line":51,"column":4}},"5":{"start":{"line":16,"column":8},"end":{"line":48,"column":14}},"6":{"start":{"line":37,"column":31},"end":{"line":37,"column":50}}},"fnMap":{"0":{"name":"(anonymous_0)","decl":{"start":{"line":6,"column":17},"end":{"line":6,"column":18}},"loc":{"start":{"line":6,"column":32},"end":{"line":52,"column":1}},"line":6},"1":{"name":"(anonymous_1)","decl":{"start":{"line":9,"column":24},"end":{"line":9,"column":25}},"loc":{"start":{"line":9,"column":34},"end":{"line":11,"column":3}},"line":9},"2":{"name":"(anonymous_2)","decl":{"start":{"line":15,"column":17},"end":{"line":15,"column":18}},"loc":{"start":{"line":16,"column":8},"end":{"line":48,"column":14}},"line":16},"3":{"name":"(anonymous_3)","decl":{"start":{"line":37,"column":25},"end":{"line":37,"column":26}},"loc":{"start":{"line":37,"column":31},"end":{"line":37,"column":50}},"line":37}},"branchMap":{"0":{"loc":{"start":{"line":23,"column":20},"end":{"line":23,"column":60}},"type":"cond-expr","locations":[{"start":{"line":23,"column":49},"end":{"line":23,"column":53}},{"start":{"line":23,"column":56},"end":{"line":23,"column":60}}],"line":23},"1":{"loc":{"start":{"line":27,"column":17},"end":{"line":28,"column":44}},"type":"binary-expr","locations":[{"start":{"line":27,"column":17},"end":{"line":27,"column":50}},{"start":{"line":28,"column":18},"end":{"line":28,"column":44}}],"line":27}},"s":{"0":1,"1":5,"2":5,"3":1,"4":5,"5":29,"6":1},"f":{"0":5,"1":1,"2":29,"3":1},"b":{"0":[29,0],"1":[29,3]},"_coverageSchema":"1a1c01bbd47fc00a2c39e90264f33305004495a9","hash":"b863cfdb2b4f4bdb1746e0cc28042af9fd2de1d5"}
,"C:\\Users\\shiva\\OneDrive\\Desktop\\Namaste-React\\src\\Components\\RestaurantCard.js": {"path":"C:\\Users\\shiva\\OneDrive\\Desktop\\Namaste-React\\src\\Components\\RestaurantCard.js","statementMap":{"0":{"start":{"line":5,"column":22},"end":{"line":34,"column":1}},"1":{"start":{"line":6,"column":22},"end":{"line":6,"column":27}},"2":{"start":{"line":8,"column":64},"end":{"line":8,"column":76}},"3":{"start":{"line":10,"column":27},"end":{"line":10,"column":50}},"4":{"start":{"line":12,"column":2},"end":{"line":33,"column":4}},"5":{"start":{"line":36,"column":35},"end":{"line":49,"column":1}},"6":{"start":{"line":37,"column":2},"end":{"line":48,"column":4}},"7":{"start":{"line":39,"column":6},"end":{"line":39,"column":52}},"8":{"start":{"line":40,"column":4},"end":{"line":47,"column":6}}},"fnMap":{"0":{"name":"(anonymous_0)","decl":{"start":{"line":5,"column":22},"end":{"line":5,"column":23}},"loc":{"start":{"line":5,"column":33},"end":{"line":34,"column":1}},"line":5},"1":{"name":"(anonymous_1)","decl":{"start":{"line":36,"column":35},"end":{"line":36,"column":36}},"loc":{"start":{"line":36,"column":54},"end":{"line":49,"column":1}},"line":36},"2":{"name":"(anonymous_2)","decl":{"start":{"line":37,"column":9},"end":{"line":37,"column":10}},"loc":{"start":{"line":37,"column":20},"end":{"line":48,"column":3}},"line":37}},"branchMap":{},"s":{"0":2,"1":27,"2":27,"3":27,"4":27,"5":2,"6":8,"7":19,"8":19},"f":{"0":27,"1":8,"2":19},"b":{},"_coverageSchema":"1a1c01bbd47fc00a2c39e90264f33305004495a9","hash":"135d0ad754bae681a09f31b87b90ef654acf9742"}
,"C:\\Users\\shiva\\OneDrive\\Desktop\\Namaste-React\\src\\Components\\RestaurantCategory.js": {"path":"C:\\Users\\shiva\\OneDrive\\Desktop\\Namaste-React\\src\\Components\\RestaurantCategory.js","statementMap":{"0":{"start":{"line":3,"column":27},"end":{"line":26,"column":1}},"1":{"start":{"line":7,"column":22},"end":{"line":10,"column":3}},"2":{"start":{"line":9,"column":4},"end":{"line":9,"column":19}},"3":{"start":{"line":11,"column":2},"end":{"line":25,"column":4}}},"fnMap":{"0":{"name":"(anonymous_0)","decl":{"start":{"line":3,"column":27},"end":{"line":3,"column":28}},"loc":{"start":{"line":3,"column":66},"end":{"line":26,"column":1}},"line":3},"1":{"name":"(anonymous_1)","decl":{"start":{"line":7,"column":22},"end":{"line":7,"column":23}},"loc":{"start":{"line":7,"column":28},"end":{"line":10,"column":3}},"line":7}},"branchMap":{"0":{"loc":{"start":{"line":23,"column":7},"end":{"line":23,"column":56}},"type":"binary-expr","locations":[{"start":{"line":23,"column":7},"end":{"line":23,"column":16}},{"start":{"line":23,"column":20},"end":{"line":23,"column":56}}],"line":23}},"s":{"0":1,"1":40,"2":2,"3":40},"f":{"0":40,"1":2},"b":{"0":[40,2]},"_coverageSchema":"1a1c01bbd47fc00a2c39e90264f33305004495a9","hash":"21c8be819f37c3800209165e3fc524cc660ceece"}
,"C:\\Users\\shiva\\OneDrive\\Desktop\\Namaste-React\\src\\Components\\RestaurantMenu.js": {"path":"C:\\Users\\shiva\\OneDrive\\Desktop\\Namaste-React\\src\\Components\\RestaurantMenu.js","statementMap":{"0":{"start":{"line":7,"column":23},"end":{"line":67,"column":1}},"1":{"start":{"line":8,"column":20},"end":{"line":8,"column":31}},"2":{"start":{"line":9,"column":34},"end":{"line":9,"column":48}},"3":{"start":{"line":10,"column":21},"end":{"line":10,"column":45}},"4":{"start":{"line":11,"column":36},"end":{"line":11,"column":50}},"5":{"start":{"line":13,"column":2},"end":{"line":13,"column":46}},"6":{"start":{"line":13,"column":27},"end":{"line":13,"column":46}},"7":{"start":{"line":22,"column":6},"end":{"line":22,"column":44}},"8":{"start":{"line":28,"column":4},"end":{"line":32,"column":5}},"9":{"start":{"line":30,"column":8},"end":{"line":31,"column":70}},"10":{"start":{"line":34,"column":2},"end":{"line":34,"column":61}},"11":{"start":{"line":34,"column":31},"end":{"line":34,"column":61}},"12":{"start":{"line":36,"column":2},"end":{"line":66,"column":4}},"13":{"start":{"line":54,"column":12},"end":{"line":61,"column":18}},"14":{"start":{"line":59,"column":36},"end":{"line":59,"column":55}}},"fnMap":{"0":{"name":"(anonymous_0)","decl":{"start":{"line":7,"column":23},"end":{"line":7,"column":24}},"loc":{"start":{"line":7,"column":29},"end":{"line":67,"column":1}},"line":7},"1":{"name":"(anonymous_1)","decl":{"start":{"line":29,"column":6},"end":{"line":29,"column":7}},"loc":{"start":{"line":30,"column":8},"end":{"line":31,"column":70}},"line":30},"2":{"name":"(anonymous_2)","decl":{"start":{"line":53,"column":26},"end":{"line":53,"column":27}},"loc":{"start":{"line":54,"column":12},"end":{"line":61,"column":18}},"line":54},"3":{"name":"(anonymous_3)","decl":{"start":{"line":59,"column":30},"end":{"line":59,"column":31}},"loc":{"start":{"line":59,"column":36},"end":{"line":59,"column":55}},"line":59}},"branchMap":{"0":{"loc":{"start":{"line":13,"column":2},"end":{"line":13,"column":46}},"type":"if","locations":[{"start":{"line":13,"column":2},"end":{"line":13,"column":46}},{"start":{},"end":{}}],"line":13},"1":{"loc":{"start":{"line":34,"column":2},"end":{"line":34,"column":61}},"type":"if","locations":[{"start":{"line":34,"column":2},"end":{"line":34,"column":61}},{"start":{},"end":{}}],"line":34},"2":{"loc":{"start":{"line":57,"column":27},"end":{"line":57,"column":61}},"type":"cond-expr","locations":[{"start":{"line":57,"column":49},"end":{"line":57,"column":53}},{"start":{"line":57,"column":56},"end":{"line":57,"column":61}}],"line":57}},"s":{"0":1,"1":8,"2":8,"3":8,"4":8,"5":8,"6":3,"7":5,"8":5,"9":70,"10":5,"11":0,"12":5,"13":40,"14":2},"f":{"0":8,"1":70,"2":40,"3":2},"b":{"0":[3,5],"1":[0,5],"2":[2,38]},"_coverageSchema":"1a1c01bbd47fc00a2c39e90264f33305004495a9","hash":"ab1487fa21aaeae239e87649581930686bdf4721"}
,"C:\\Users\\shiva\\OneDrive\\Desktop\\Namaste-React\\src\\Components\\Shimmer.js": {"path":"C:\\Users\\shiva\\OneDrive\\Desktop\\Namaste-React\\src\\Components\\Shimmer.js","statementMap":{"0":{"start":{"line":1,"column":16},"end":{"line":24,"column":1}},"1":{"start":{"line":2,"column":2},"end":{"line":23,"column":4}}},"fnMap":{"0":{"name":"(anonymous_0)","decl":{"start":{"line":1,"column":16},"end":{"line":1,"column":17}},"loc":{"start":{"line":1,"column":22},"end":{"line":24,"column":1}},"line":1}},"branchMap":{},"s":{"0":2,"1":5},"f":{"0":5},"b":{},"_coverageSchema":"1a1c01bbd47fc00a2c39e90264f33305004495a9","hash":"c4c10c4cec9c4c99786e2a8069abd1d24ba72a00"}
,"C:\\Users\\shiva\\OneDrive\\Desktop\\Namaste-React\\src\\Components\\sum.js": {"path":"C:\\Users\\shiva\\OneDrive\\Desktop\\Namaste-React\\src\\Components\\sum.js","statementMap":{"0":{"start":{"line":1,"column":19},"end":{"line":3,"column":1}},"1":{"start":{"line":2,"column":2},"end":{"line":2,"column":15}}},"fnMap":{"0":{"name":"(anonymous_0)","decl":{"start":{"line":1,"column":19},"end":{"line":1,"column":20}},"loc":{"start":{"line":1,"column":29},"end":{"line":3,"column":1}},"line":1}},"branchMap":{},"s":{"0":1,"1":1},"f":{"0":1},"b":{},"_coverageSchema":"1a1c01bbd47fc00a2c39e90264f33305004495a9","hash":"e92819be0f78c1dc8a8e93e45214a968bbfbde61"}
,"C:\\Users\\shiva\\OneDrive\\Desktop\\Namaste-React\\src\\Utils\\UserContext.js": {"path":"C:\\Users\\shiva\\OneDrive\\Desktop\\Namaste-React\\src\\Utils\\UserContext.js","statementMap":{"0":{"start":{"line":3,"column":20},"end":{"line":5,"column":2}}},"fnMap":{},"branchMap":{},"s":{"0":4},"f":{},"b":{},"_coverageSchema":"1a1c01bbd47fc00a2c39e90264f33305004495a9","hash":"55ff36c785c743c597cf8fd480b683291853dfd1"}
,"C:\\Users\\shiva\\OneDrive\\Desktop\\Namaste-React\\src\\Utils\\appStore.js": {"path":"C:\\Users\\shiva\\OneDrive\\Desktop\\Namaste-React\\src\\Utils\\appStore.js","statementMap":{"0":{"start":{"line":4,"column":17},"end":{"line":8,"column":2}}},"fnMap":{},"branchMap":{},"s":{"0":2},"f":{},"b":{},"_coverageSchema":"1a1c01bbd47fc00a2c39e90264f33305004495a9","hash":"57947663c9580457933d09f449edc8e4b5d75742"}
,"C:\\Users\\shiva\\OneDrive\\Desktop\\Namaste-React\\src\\Utils\\cartSlice.js": {"path":"C:\\Users\\shiva\\OneDrive\\Desktop\\Namaste-React\\src\\Utils\\cartSlice.js","statementMap":{"0":{"start":{"line":3,"column":18},"end":{"line":19,"column":2}},"1":{"start":{"line":10,"column":6},"end":{"line":10,"column":39}},"2":{"start":{"line":13,"column":6},"end":{"line":13,"column":24}},"3":{"start":{"line":16,"column":6},"end":{"line":16,"column":29}},"4":{"start":{"line":21,"column":50},"end":{"line":21,"column":67}}},"fnMap":{"0":{"name":"(anonymous_0)","decl":{"start":{"line":9,"column":13},"end":{"line":9,"column":14}},"loc":{"start":{"line":9,"column":32},"end":{"line":11,"column":5}},"line":9},"1":{"name":"(anonymous_1)","decl":{"start":{"line":12,"column":16},"end":{"line":12,"column":17}},"loc":{"start":{"line":12,"column":27},"end":{"line":14,"column":5}},"line":12},"2":{"name":"(anonymous_2)","decl":{"start":{"line":15,"column":15},"end":{"line":15,"column":16}},"loc":{"start":{"line":15,"column":26},"end":{"line":17,"column":5}},"line":15}},"branchMap":{},"s":{"0":2,"1":1,"2":0,"3":1,"4":2},"f":{"0":1,"1":0,"2":1},"b":{},"_coverageSchema":"1a1c01bbd47fc00a2c39e90264f33305004495a9","hash":"e0958c6c3451522a1ad084e12a38541a9d3d5b17"}
,"C:\\Users\\shiva\\OneDrive\\Desktop\\Namaste-React\\src\\Utils\\constants.js": {"path":"C:\\Users\\shiva\\OneDrive\\Desktop\\Namaste-React\\src\\Utils\\constants.js","statementMap":{"0":{"start":{"line":2,"column":2},"end":{"line":2,"column":78}},"1":{"start":{"line":5,"column":2},"end":{"line":5,"column":85}},"2":{"start":{"line":8,"column":4},"end":{"line":8,"column":127}},"3":{"start":{"line":11,"column":3},"end":{"line":11,"column":141}}},"fnMap":{},"branchMap":{},"s":{"0":4,"1":4,"2":4,"3":4},"f":{},"b":{},"_coverageSchema":"1a1c01bbd47fc00a2c39e90264f33305004495a9","hash":"7b5dff05eab27f6c5a0574f997edb48fea1a4d61"}
,"C:\\Users\\shiva\\OneDrive\\Desktop\\Namaste-React\\src\\Utils\\useOnlineStatus.js": {"path":"C:\\Users\\shiva\\OneDrive\\Desktop\\Namaste-React\\src\\Utils\\useOnlineStatus.js","statementMap":{"0":{"start":{"line":3,"column":24},"end":{"line":16,"column":1}},"1":{"start":{"line":4,"column":42},"end":{"line":4,"column":56}},"2":{"start":{"line":5,"column":2},"end":{"line":12,"column":9}},"3":{"start":{"line":6,"column":4},"end":{"line":8,"column":7}},"4":{"start":{"line":7,"column":6},"end":{"line":7,"column":29}},"5":{"start":{"line":9,"column":4},"end":{"line":11,"column":7}},"6":{"start":{"line":10,"column":6},"end":{"line":10,"column":28}},"7":{"start":{"line":15,"column":2},"end":{"line":15,"column":22}}},"fnMap":{"0":{"name":"(anonymous_0)","decl":{"start":{"line":3,"column":24},"end":{"line":3,"column":25}},"loc":{"start":{"line":3,"column":30},"end":{"line":16,"column":1}},"line":3},"1":{"name":"(anonymous_1)","decl":{"start":{"line":5,"column":12},"end":{"line":5,"column":13}},"loc":{"start":{"line":5,"column":18},"end":{"line":12,"column":3}},"line":5},"2":{"name":"(anonymous_2)","decl":{"start":{"line":6,"column":39},"end":{"line":6,"column":40}},"loc":{"start":{"line":6,"column":45},"end":{"line":8,"column":5}},"line":6},"3":{"name":"(anonymous_3)","decl":{"start":{"line":9,"column":38},"end":{"line":9,"column":39}},"loc":{"start":{"line":9,"column":44},"end":{"line":11,"column":5}},"line":9}},"branchMap":{},"s":{"0":3,"1":14,"2":14,"3":6,"4":0,"5":6,"6":0,"7":14},"f":{"0":14,"1":6,"2":0,"3":0},"b":{},"_coverageSchema":"1a1c01bbd47fc00a2c39e90264f33305004495a9","hash":"29a3d955a2e88e1bb6ddf8b732ea7cafe47fe879"}
,"C:\\Users\\shiva\\OneDrive\\Desktop\\Namaste-React\\src\\Utils\\useRestaurantMenu.js": {"path":"C:\\Users\\shiva\\OneDrive\\Desktop\\Namaste-React\\src\\Utils\\useRestaurantMenu.js","statementMap":{"0":{"start":{"line":4,"column":26},"end":{"line":17,"column":1}},"1":{"start":{"line":5,"column":32},"end":{"line":5,"column":46}},"2":{"start":{"line":7,"column":2},"end":{"line":9,"column":9}},"3":{"start":{"line":8,"column":4},"end":{"line":8,"column":16}},"4":{"start":{"line":11,"column":20},"end":{"line":15,"column":3}},"5":{"start":{"line":12,"column":17},"end":{"line":12,"column":46}},"6":{"start":{"line":13,"column":17},"end":{"line":13,"column":34}},"7":{"start":{"line":14,"column":4},"end":{"line":14,"column":27}},"8":{"start":{"line":16,"column":2},"end":{"line":16,"column":17}}},"fnMap":{"0":{"name":"(anonymous_0)","decl":{"start":{"line":4,"column":26},"end":{"line":4,"column":27}},"loc":{"start":{"line":4,"column":37},"end":{"line":17,"column":1}},"line":4},"1":{"name":"(anonymous_1)","decl":{"start":{"line":7,"column":12},"end":{"line":7,"column":13}},"loc":{"start":{"line":7,"column":18},"end":{"line":9,"column":3}},"line":7},"2":{"name":"(anonymous_2)","decl":{"start":{"line":11,"column":20},"end":{"line":11,"column":21}},"loc":{"start":{"line":11,"column":32},"end":{"line":15,"column":3}},"line":11}},"branchMap":{},"s":{"0":1,"1":8,"2":8,"3":3,"4":8,"5":3,"6":3,"7":3,"8":8},"f":{"0":8,"1":3,"2":3},"b":{},"_coverageSchema":"1a1c01bbd47fc00a2c39e90264f33305004495a9","hash":"7a867d32dc2fcc755d68bf6a3ec55d4994f1ec32"}
}
