TN:
SF:src\Components\Body.js
FN:9,(anonymous_0)
FN:18,(anonymous_1)
FN:20,(anonymous_2)
FN:29,(anonymous_3)
FN:33,(anonymous_4)
FN:64,(anonymous_5)
FN:68,(anonymous_6)
FN:69,(anonymous_7)
FN:81,(anonymous_8)
FN:98,(anonymous_9)
FN:103,(anonymous_10)
FNF:11
FNH:10
FNDA:7,(anonymous_0)
FNDA:1,(anonymous_1)
FNDA:8,(anonymous_2)
FNDA:2,(anonymous_3)
FNDA:2,(anonymous_4)
FNDA:1,(anonymous_5)
FNDA:1,(anonymous_6)
FNDA:8,(anonymous_7)
FNDA:1,(anonymous_8)
FNDA:0,(anonymous_9)
FNDA:26,(anonymous_10)
DA:9,1
DA:10,7
DA:11,7
DA:12,7
DA:14,7
DA:16,7
DA:18,7
DA:19,1
DA:20,8
DA:25,1
DA:29,7
DA:30,2
DA:33,7
DA:34,2
DA:35,2
DA:38,2
DA:41,2
DA:46,7
DA:47,7
DA:48,0
DA:52,7
DA:64,1
DA:69,1
DA:70,8
DA:73,1
DA:81,1
DA:98,0
DA:104,26
LF:28
LH:26
BRDA:47,0,0,0
BRDA:47,0,1,7
BRDA:52,1,0,2
BRDA:52,1,1,5
BRDA:108,2,0,19
BRDA:108,2,1,7
BRF:6
BRH:5
end_of_record
TN:
SF:src\Components\Cart.js
FN:5,(anonymous_0)
FN:6,(anonymous_1)
FN:9,(anonymous_2)
FNF:3
FNH:3
FNDA:3,(anonymous_0)
FNDA:6,(anonymous_1)
FNDA:1,(anonymous_2)
DA:5,1
DA:6,6
DA:7,3
DA:9,3
DA:10,1
DA:13,3
LF:6
LH:6
BRDA:22,0,0,3
BRDA:22,0,1,2
BRF:2
BRH:2
end_of_record
TN:
SF:src\Components\Contact.js
FN:1,(anonymous_0)
FNF:1
FNH:1
FNDA:4,(anonymous_0)
DA:1,1
DA:2,4
LF:2
LH:2
BRF:0
BRH:0
end_of_record
TN:
SF:src\Components\Header.js
FN:8,(anonymous_0)
FN:16,(anonymous_1)
FN:18,(anonymous_2)
FN:47,(anonymous_3)
FNF:4
FNH:4
FNDA:7,(anonymous_0)
FNDA:13,(anonymous_1)
FNDA:5,(anonymous_2)
FNDA:1,(anonymous_3)
DA:8,2
DA:9,7
DA:10,7
DA:12,7
DA:16,13
DA:18,7
DA:20,7
DA:48,1
LF:8
LH:8
BRDA:27,0,0,7
BRDA:27,0,1,0
BRDA:51,1,0,6
BRDA:51,1,1,1
BRF:4
BRH:3
end_of_record
TN:
SF:src\Components\ItemList.js
FN:6,(anonymous_0)
FN:9,(anonymous_1)
FN:15,(anonymous_2)
FN:37,(anonymous_3)
FNF:4
FNH:4
FNDA:5,(anonymous_0)
FNDA:1,(anonymous_1)
FNDA:29,(anonymous_2)
FNDA:1,(anonymous_3)
DA:6,1
DA:7,5
DA:9,5
DA:10,1
DA:13,5
DA:16,29
DA:37,1
LF:7
LH:7
BRDA:23,0,0,29
BRDA:23,0,1,0
BRDA:27,1,0,29
BRDA:27,1,1,3
BRF:4
BRH:3
end_of_record
TN:
SF:src\Components\RestaurantCard.js
FN:5,(anonymous_0)
FN:36,(anonymous_1)
FN:37,(anonymous_2)
FNF:3
FNH:3
FNDA:27,(anonymous_0)
FNDA:8,(anonymous_1)
FNDA:19,(anonymous_2)
DA:5,2
DA:6,27
DA:8,27
DA:10,27
DA:12,27
DA:36,2
DA:37,8
DA:39,19
DA:40,19
LF:9
LH:9
BRF:0
BRH:0
end_of_record
TN:
SF:src\Components\RestaurantCategory.js
FN:3,(anonymous_0)
FN:7,(anonymous_1)
FNF:2
FNH:2
FNDA:40,(anonymous_0)
FNDA:2,(anonymous_1)
DA:3,1
DA:7,40
DA:9,2
DA:11,40
LF:4
LH:4
BRDA:23,0,0,40
BRDA:23,0,1,2
BRF:2
BRH:2
end_of_record
TN:
SF:src\Components\RestaurantMenu.js
FN:7,(anonymous_0)
FN:29,(anonymous_1)
FN:53,(anonymous_2)
FN:59,(anonymous_3)
FNF:4
FNH:4
FNDA:8,(anonymous_0)
FNDA:70,(anonymous_1)
FNDA:40,(anonymous_2)
FNDA:2,(anonymous_3)
DA:7,1
DA:8,8
DA:9,8
DA:10,8
DA:11,8
DA:13,8
DA:22,5
DA:28,5
DA:30,70
DA:34,5
DA:36,5
DA:54,40
DA:59,2
LF:13
LH:13
BRDA:13,0,0,3
BRDA:13,0,1,5
BRDA:34,1,0,0
BRDA:34,1,1,5
BRDA:57,2,0,2
BRDA:57,2,1,38
BRF:6
BRH:5
end_of_record
TN:
SF:src\Components\Shimmer.js
FN:1,(anonymous_0)
FNF:1
FNH:1
FNDA:5,(anonymous_0)
DA:1,2
DA:2,5
LF:2
LH:2
BRF:0
BRH:0
end_of_record
TN:
SF:src\Components\sum.js
FN:1,(anonymous_0)
FNF:1
FNH:1
FNDA:1,(anonymous_0)
DA:1,1
DA:2,1
LF:2
LH:2
BRF:0
BRH:0
end_of_record
TN:
SF:src\Utils\UserContext.js
FNF:0
FNH:0
DA:3,4
LF:1
LH:1
BRF:0
BRH:0
end_of_record
TN:
SF:src\Utils\appStore.js
FNF:0
FNH:0
DA:4,2
LF:1
LH:1
BRF:0
BRH:0
end_of_record
TN:
SF:src\Utils\cartSlice.js
FN:9,(anonymous_0)
FN:12,(anonymous_1)
FN:15,(anonymous_2)
FNF:3
FNH:2
FNDA:1,(anonymous_0)
FNDA:0,(anonymous_1)
FNDA:1,(anonymous_2)
DA:3,2
DA:10,1
DA:13,0
DA:16,1
DA:21,2
LF:5
LH:4
BRF:0
BRH:0
end_of_record
TN:
SF:src\Utils\constants.js
FNF:0
FNH:0
DA:2,4
DA:5,4
DA:8,4
DA:11,4
LF:4
LH:4
BRF:0
BRH:0
end_of_record
TN:
SF:src\Utils\useOnlineStatus.js
FN:3,(anonymous_0)
FN:5,(anonymous_1)
FN:6,(anonymous_2)
FN:9,(anonymous_3)
FNF:4
FNH:2
FNDA:14,(anonymous_0)
FNDA:6,(anonymous_1)
FNDA:0,(anonymous_2)
FNDA:0,(anonymous_3)
DA:3,3
DA:4,14
DA:5,14
DA:6,6
DA:7,0
DA:9,6
DA:10,0
DA:15,14
LF:8
LH:6
BRF:0
BRH:0
end_of_record
TN:
SF:src\Utils\useRestaurantMenu.js
FN:4,(anonymous_0)
FN:7,(anonymous_1)
FN:11,(anonymous_2)
FNF:3
FNH:3
FNDA:8,(anonymous_0)
FNDA:3,(anonymous_1)
FNDA:3,(anonymous_2)
DA:4,1
DA:5,8
DA:7,8
DA:8,3
DA:11,8
DA:12,3
DA:13,3
DA:14,3
DA:16,8
LF:9
LH:9
BRF:0
BRH:0
end_of_record
